<?xml version="1.0" encoding="UTF-8"?>
<testng-results ignored="0" total="2" passed="2" failed="0" skipped="0">
  <reporter-output>
  </reporter-output>
  <suite started-at="2022-09-12T20:20:03 IST" name="Suite" finished-at="2022-09-12T20:20:38 IST" duration-ms="35427">
    <groups>
    </groups>
    <test started-at="2022-09-12T20:20:03 IST" name="Test1_ChromeBrowser" finished-at="2022-09-12T20:20:18 IST" duration-ms="14932">
      <class name="KiteTest.kiteTestClass">
        <test-method is-config="true" signature="openBrowser(java.lang.String)[pri:0, instance:KiteTest.kiteTestClass@1a942c18]" started-at="2022-09-12T20:20:03 IST" name="openBrowser" finished-at="2022-09-12T20:20:12 IST" duration-ms="8860" status="PASS">
          <params>
            <param index="0">
              <value>
                <![CDATA[Chrome]]>
              </value>
            </param>
          </params>
          <reporter-output>
          </reporter-output>
        </test-method> <!-- openBrowser -->
        <test-method is-config="true" signature="loginToApp()[pri:0, instance:KiteTest.kiteTestClass@1a942c18]" started-at="2022-09-12T20:20:12 IST" name="loginToApp" finished-at="2022-09-12T20:20:13 IST" duration-ms="734" status="PASS">
          <reporter-output>
          </reporter-output>
        </test-method> <!-- loginToApp -->
        <test-method signature="verifyUserName()[pri:0, instance:KiteTest.kiteTestClass@1a942c18]" started-at="2022-09-12T20:20:13 IST" name="verifyUserName" finished-at="2022-09-12T20:20:15 IST" duration-ms="2614" status="PASS">
          <reporter-output>
          </reporter-output>
        </test-method> <!-- verifyUserName -->
        <test-method is-config="true" signature="logOut(org.testng.ITestResult)[pri:0, instance:KiteTest.kiteTestClass@1a942c18]" started-at="2022-09-12T20:20:15 IST" name="logOut" finished-at="2022-09-12T20:20:15 IST" duration-ms="1" status="PASS">
          <params>
            <param index="0">
              <value>
                <![CDATA[[TestResult name=verifyUserName status=SUCCESS method=kiteTestClass.verifyUserName()[pri:0, instance:KiteTest.kiteTestClass@1a942c18] output={null}]]]>
              </value>
            </param>
          </params>
          <reporter-output>
          </reporter-output>
        </test-method> <!-- logOut -->
        <test-method is-config="true" signature="closeBrowser()[pri:0, instance:KiteTest.kiteTestClass@1a942c18]" started-at="2022-09-12T20:20:15 IST" name="closeBrowser" finished-at="2022-09-12T20:20:18 IST" duration-ms="2679" status="PASS">
          <reporter-output>
          </reporter-output>
        </test-method> <!-- closeBrowser -->
      </class> <!-- KiteTest.kiteTestClass -->
    </test> <!-- Test1_ChromeBrowser -->
    <test started-at="2022-09-12T20:20:18 IST" name="Test2_EdgeBrowser" finished-at="2022-09-12T20:20:38 IST" duration-ms="20429">
      <class name="KiteTest.kiteTestClass">
        <test-method is-config="true" signature="openBrowser(java.lang.String)[pri:0, instance:KiteTest.kiteTestClass@235ecd9f]" started-at="2022-09-12T20:20:18 IST" name="openBrowser" finished-at="2022-09-12T20:20:31 IST" duration-ms="13120" status="PASS">
          <params>
            <param index="0">
              <value>
                <![CDATA[Edge]]>
              </value>
            </param>
          </params>
          <reporter-output>
          </reporter-output>
        </test-method> <!-- openBrowser -->
        <test-method is-config="true" signature="loginToApp()[pri:0, instance:KiteTest.kiteTestClass@235ecd9f]" started-at="2022-09-12T20:20:31 IST" name="loginToApp" finished-at="2022-09-12T20:20:32 IST" duration-ms="854" status="PASS">
          <reporter-output>
          </reporter-output>
        </test-method> <!-- loginToApp -->
        <test-method signature="verifyUserName()[pri:0, instance:KiteTest.kiteTestClass@235ecd9f]" started-at="2022-09-12T20:20:32 IST" name="verifyUserName" finished-at="2022-09-12T20:20:34 IST" duration-ms="2009" status="PASS">
          <reporter-output>
          </reporter-output>
        </test-method> <!-- verifyUserName -->
        <test-method is-config="true" signature="logOut(org.testng.ITestResult)[pri:0, instance:KiteTest.kiteTestClass@235ecd9f]" started-at="2022-09-12T20:20:34 IST" name="logOut" finished-at="2022-09-12T20:20:34 IST" duration-ms="0" status="PASS">
          <params>
            <param index="0">
              <value>
                <![CDATA[[TestResult name=verifyUserName status=SUCCESS method=kiteTestClass.verifyUserName()[pri:0, instance:KiteTest.kiteTestClass@235ecd9f] output={null}]]]>
              </value>
            </param>
          </params>
          <reporter-output>
          </reporter-output>
        </test-method> <!-- logOut -->
        <test-method is-config="true" signature="closeBrowser()[pri:0, instance:KiteTest.kiteTestClass@235ecd9f]" started-at="2022-09-12T20:20:34 IST" name="closeBrowser" finished-at="2022-09-12T20:20:38 IST" duration-ms="4439" status="PASS">
          <reporter-output>
          </reporter-output>
        </test-method> <!-- closeBrowser -->
      </class> <!-- KiteTest.kiteTestClass -->
    </test> <!-- Test2_EdgeBrowser -->
  </suite> <!-- Suite -->
</testng-results>
