<?xml version="1.0" encoding="UTF-8"?>
<testng-results ignored="0" total="2" passed="2" failed="0" skipped="0">
  <reporter-output>
  </reporter-output>
  <suite started-at="2022-09-12T20:01:45 IST" name="Suite" finished-at="2022-09-12T20:02:08 IST" duration-ms="23189">
    <groups>
    </groups>
    <test started-at="2022-09-12T20:01:45 IST" name="Test1_ChromeBrowser" finished-at="2022-09-12T20:01:57 IST" duration-ms="12377">
      <class name="KiteTest.kiteTestClass">
        <test-method is-config="true" signature="openBrowser(java.lang.String)[pri:0, instance:KiteTest.kiteTestClass@1a942c18]" started-at="2022-09-12T20:01:45 IST" name="openBrowser" finished-at="2022-09-12T20:01:52 IST" duration-ms="6908" status="PASS">
          <params>
            <param index="0">
              <value>
                <![CDATA[Chrome]]>
              </value>
            </param>
          </params>
          <reporter-output>
          </reporter-output>
        </test-method> <!-- openBrowser -->
        <test-method is-config="true" signature="loginToApp()[pri:0, instance:KiteTest.kiteTestClass@1a942c18]" started-at="2022-09-12T20:01:52 IST" name="loginToApp" finished-at="2022-09-12T20:01:53 IST" duration-ms="818" status="PASS">
          <reporter-output>
          </reporter-output>
        </test-method> <!-- loginToApp -->
        <test-method signature="verifyUserName()[pri:0, instance:KiteTest.kiteTestClass@1a942c18]" started-at="2022-09-12T20:01:53 IST" name="verifyUserName" finished-at="2022-09-12T20:01:55 IST" duration-ms="2323" status="PASS">
          <reporter-output>
          </reporter-output>
        </test-method> <!-- verifyUserName -->
        <test-method is-config="true" signature="logOut(org.testng.ITestResult)[pri:0, instance:KiteTest.kiteTestClass@1a942c18]" started-at="2022-09-12T20:01:55 IST" name="logOut" finished-at="2022-09-12T20:01:55 IST" duration-ms="1" status="PASS">
          <params>
            <param index="0">
              <value>
                <![CDATA[[TestResult name=verifyUserName status=SUCCESS method=kiteTestClass.verifyUserName()[pri:0, instance:KiteTest.kiteTestClass@1a942c18] output={null}]]]>
              </value>
            </param>
          </params>
          <reporter-output>
          </reporter-output>
        </test-method> <!-- logOut -->
        <test-method is-config="true" signature="closeBrowser()[pri:0, instance:KiteTest.kiteTestClass@1a942c18]" started-at="2022-09-12T20:01:55 IST" name="closeBrowser" finished-at="2022-09-12T20:01:57 IST" duration-ms="2275" status="PASS">
          <reporter-output>
          </reporter-output>
        </test-method> <!-- closeBrowser -->
      </class> <!-- KiteTest.kiteTestClass -->
    </test> <!-- Test1_ChromeBrowser -->
    <test started-at="2022-09-12T20:01:57 IST" name="Test2_EdgeBrowser" finished-at="2022-09-12T20:02:08 IST" duration-ms="10778">
      <class name="KiteTest.kiteTestClass">
        <test-method is-config="true" signature="openBrowser(java.lang.String)[pri:0, instance:KiteTest.kiteTestClass@235ecd9f]" started-at="2022-09-12T20:01:57 IST" name="openBrowser" finished-at="2022-09-12T20:02:04 IST" duration-ms="6536" status="PASS">
          <params>
            <param index="0">
              <value>
                <![CDATA[Edge]]>
              </value>
            </param>
          </params>
          <reporter-output>
          </reporter-output>
        </test-method> <!-- openBrowser -->
        <test-method is-config="true" signature="loginToApp()[pri:0, instance:KiteTest.kiteTestClass@235ecd9f]" started-at="2022-09-12T20:02:04 IST" name="loginToApp" finished-at="2022-09-12T20:02:04 IST" duration-ms="728" status="PASS">
          <reporter-output>
          </reporter-output>
        </test-method> <!-- loginToApp -->
        <test-method signature="verifyUserName()[pri:0, instance:KiteTest.kiteTestClass@235ecd9f]" started-at="2022-09-12T20:02:04 IST" name="verifyUserName" finished-at="2022-09-12T20:02:06 IST" duration-ms="1338" status="PASS">
          <reporter-output>
          </reporter-output>
        </test-method> <!-- verifyUserName -->
        <test-method is-config="true" signature="logOut(org.testng.ITestResult)[pri:0, instance:KiteTest.kiteTestClass@235ecd9f]" started-at="2022-09-12T20:02:06 IST" name="logOut" finished-at="2022-09-12T20:02:06 IST" duration-ms="1" status="PASS">
          <params>
            <param index="0">
              <value>
                <![CDATA[[TestResult name=verifyUserName status=SUCCESS method=kiteTestClass.verifyUserName()[pri:0, instance:KiteTest.kiteTestClass@235ecd9f] output={null}]]]>
              </value>
            </param>
          </params>
          <reporter-output>
          </reporter-output>
        </test-method> <!-- logOut -->
        <test-method is-config="true" signature="closeBrowser()[pri:0, instance:KiteTest.kiteTestClass@235ecd9f]" started-at="2022-09-12T20:02:06 IST" name="closeBrowser" finished-at="2022-09-12T20:02:08 IST" duration-ms="2171" status="PASS">
          <reporter-output>
          </reporter-output>
        </test-method> <!-- closeBrowser -->
      </class> <!-- KiteTest.kiteTestClass -->
    </test> <!-- Test2_EdgeBrowser -->
  </suite> <!-- Suite -->
</testng-results>
